<?xml version="1.0" encoding="UTF-8"?>
<!-- Generated by org.testng.reporters.JUnitXMLReporter -->
<testsuite ignored="4" hostname="DESKTOP-51696N7" failures="0" tests="2" name="Test" time="15.927" errors="0" timestamp="2025-09-19T18:21:26 IST">
  <testcase classname="com.ninza.crm.campaigntest.CreateCampaignTest" name="createCamapignWithMandataoryFieldsTest" time="2.254"/>
  <testcase classname="com.ninza.crm.producttest.CreateProductTest" name="createProductWithMandatoryFieldTest" time="2.596"/>
  <testcase classname="com.ninza.crm.baseclass.BaseClass" name="@BeforeSuite beforeSuite" time="0.0">
    <ignored/>
  </testcase> <!-- @BeforeSuite beforeSuite -->
  <testcase classname="com.ninza.crm.baseclass.BaseClass" name="@AfterSuite afterSuite" time="0.0">
    <ignored/>
  </testcase> <!-- @AfterSuite afterSuite -->
  <testcase classname="com.ninza.crm.campaigntest.CreateCampaignTest" name="createCampaignWithExpectedCloseDateTest" time="0.0">
    <ignored/>
  </testcase> <!-- createCampaignWithExpectedCloseDateTest -->
  <testcase classname="com.ninza.crm.baseclass.BaseClass" name="@AfterTest afterTest" time="0.0">
    <ignored/>
  </testcase> <!-- @AfterTest afterTest -->
</testsuite> <!-- Test -->
