<?xml version="1.0" encoding="UTF-8"?>
<testng-results ignored="0" total="2" passed="2" failed="0" skipped="0">
  <reporter-output>
  </reporter-output>
  <suite started-at="2025-09-22T16:33:41 IST" name="Default suite" finished-at="2025-09-22T16:33:52 IST" duration-ms="11662">
    <groups>
      <group name="Regression">
        <method signature="CreateCampaignTest.createCampaignWithExpectedCloseDateTest()[pri:0, instance:com.ninza.crm.campaigntest.CreateCampaignTest@128d2484]" name="createCampaignWithExpectedCloseDateTest" class="com.ninza.crm.campaigntest.CreateCampaignTest"/>
      </group> <!-- Regression -->
      <group name="Smoke">
        <method signature="CreateCampaignTest.createCamapignWithMandataoryFieldsTest()[pri:0, instance:com.ninza.crm.campaigntest.CreateCampaignTest@128d2484]" name="createCamapignWithMandataoryFieldsTest" class="com.ninza.crm.campaigntest.CreateCampaignTest"/>
      </group> <!-- Smoke -->
    </groups>
    <test started-at="2025-09-22T16:33:41 IST" name="Default test" finished-at="2025-09-22T16:33:52 IST" duration-ms="11662">
      <class name="com.ninza.crm.campaigntest.CreateCampaignTest">
        <test-method is-config="true" signature="beforeSuite()[pri:0, instance:com.ninza.crm.campaigntest.CreateCampaignTest@128d2484]" started-at="2025-09-22T16:33:41 IST" name="beforeSuite" finished-at="2025-09-22T16:33:41 IST" duration-ms="13" status="PASS">
          <reporter-output>
          </reporter-output>
        </test-method> <!-- beforeSuite -->
        <test-method is-config="true" signature="beforeClass()[pri:0, instance:com.ninza.crm.campaigntest.CreateCampaignTest@128d2484]" started-at="2025-09-22T16:33:41 IST" name="beforeClass" finished-at="2025-09-22T16:33:42 IST" duration-ms="1400" status="PASS">
          <reporter-output>
          </reporter-output>
        </test-method> <!-- beforeClass -->
        <test-method is-config="true" signature="BeforeTest()[pri:0, instance:com.ninza.crm.campaigntest.CreateCampaignTest@128d2484]" started-at="2025-09-22T16:33:42 IST" name="BeforeTest" finished-at="2025-09-22T16:33:42 IST" duration-ms="1" status="PASS">
          <reporter-output>
          </reporter-output>
        </test-method> <!-- BeforeTest -->
        <test-method is-config="true" signature="beforeMethod()[pri:0, instance:com.ninza.crm.campaigntest.CreateCampaignTest@128d2484]" started-at="2025-09-22T16:33:42 IST" name="beforeMethod" finished-at="2025-09-22T16:33:44 IST" duration-ms="1953" status="PASS">
          <reporter-output>
          </reporter-output>
        </test-method> <!-- beforeMethod -->
        <test-method signature="createCamapignWithMandataoryFieldsTest()[pri:0, instance:com.ninza.crm.campaigntest.CreateCampaignTest@128d2484]" started-at="2025-09-22T16:33:44 IST" name="createCamapignWithMandataoryFieldsTest" finished-at="2025-09-22T16:33:46 IST" duration-ms="1907" status="PASS">
          <reporter-output>
          </reporter-output>
        </test-method> <!-- createCamapignWithMandataoryFieldsTest -->
        <test-method is-config="true" signature="afterMethod()[pri:0, instance:com.ninza.crm.campaigntest.CreateCampaignTest@128d2484]" started-at="2025-09-22T16:33:46 IST" name="afterMethod" finished-at="2025-09-22T16:33:48 IST" duration-ms="1526" status="PASS">
          <reporter-output>
          </reporter-output>
        </test-method> <!-- afterMethod -->
        <test-method is-config="true" signature="BeforeTest()[pri:0, instance:com.ninza.crm.campaigntest.CreateCampaignTest@128d2484]" started-at="2025-09-22T16:33:48 IST" name="BeforeTest" finished-at="2025-09-22T16:33:48 IST" duration-ms="1" status="PASS">
          <reporter-output>
          </reporter-output>
        </test-method> <!-- BeforeTest -->
        <test-method is-config="true" signature="beforeMethod()[pri:0, instance:com.ninza.crm.campaigntest.CreateCampaignTest@128d2484]" started-at="2025-09-22T16:33:48 IST" name="beforeMethod" finished-at="2025-09-22T16:33:49 IST" duration-ms="1683" status="PASS">
          <reporter-output>
          </reporter-output>
        </test-method> <!-- beforeMethod -->
        <test-method signature="createCampaignWithExpectedCloseDateTest()[pri:0, instance:com.ninza.crm.campaigntest.CreateCampaignTest@128d2484]" started-at="2025-09-22T16:33:49 IST" name="createCampaignWithExpectedCloseDateTest" finished-at="2025-09-22T16:33:51 IST" duration-ms="1666" status="PASS">
          <reporter-output>
          </reporter-output>
        </test-method> <!-- createCampaignWithExpectedCloseDateTest -->
        <test-method is-config="true" signature="afterMethod()[pri:0, instance:com.ninza.crm.campaigntest.CreateCampaignTest@128d2484]" started-at="2025-09-22T16:33:51 IST" name="afterMethod" finished-at="2025-09-22T16:33:52 IST" duration-ms="1218" status="PASS">
          <reporter-output>
          </reporter-output>
        </test-method> <!-- afterMethod -->
        <test-method is-config="true" signature="afterClass()[pri:0, instance:com.ninza.crm.campaigntest.CreateCampaignTest@128d2484]" started-at="2025-09-22T16:33:52 IST" name="afterClass" finished-at="2025-09-22T16:33:52 IST" duration-ms="238" status="PASS">
          <reporter-output>
          </reporter-output>
        </test-method> <!-- afterClass -->
        <test-method is-config="true" signature="afterTest()[pri:0, instance:com.ninza.crm.campaigntest.CreateCampaignTest@128d2484]" started-at="2025-09-22T16:33:52 IST" name="afterTest" finished-at="2025-09-22T16:33:52 IST" duration-ms="5" status="PASS">
          <reporter-output>
          </reporter-output>
        </test-method> <!-- afterTest -->
        <test-method is-config="true" signature="afterSuite()[pri:0, instance:com.ninza.crm.campaigntest.CreateCampaignTest@128d2484]" started-at="2025-09-22T16:33:52 IST" name="afterSuite" finished-at="2025-09-22T16:33:52 IST" duration-ms="0" status="PASS">
          <reporter-output>
          </reporter-output>
        </test-method> <!-- afterSuite -->
      </class> <!-- com.ninza.crm.campaigntest.CreateCampaignTest -->
    </test> <!-- Default test -->
  </suite> <!-- Default suite -->
</testng-results>
