<?xml version="1.0" encoding="UTF-8"?>
<testng-results ignored="0" total="2" passed="2" failed="0" skipped="0">
  <reporter-output>
  </reporter-output>
  <suite started-at="2025-09-13T17:48:59 IST" name="Default suite" finished-at="2025-09-13T17:49:16 IST" duration-ms="16959">
    <groups>
      <group name="Regression">
        <method signature="CreateCampaignTest.createCampaignWithExpectedCloseDateTest()[pri:0, instance:com.ninza.crm.campaigntest.CreateCampaignTest@6cf0e0ba]" name="createCampaignWithExpectedCloseDateTest" class="com.ninza.crm.campaigntest.CreateCampaignTest"/>
      </group> <!-- Regression -->
      <group name="Smoke">
        <method signature="CreateCampaignTest.createCamapignWithMandataoryFieldsTest()[pri:0, instance:com.ninza.crm.campaigntest.CreateCampaignTest@6cf0e0ba]" name="createCamapignWithMandataoryFieldsTest" class="com.ninza.crm.campaigntest.CreateCampaignTest"/>
      </group> <!-- Smoke -->
    </groups>
    <test started-at="2025-09-13T17:48:59 IST" name="Default test" finished-at="2025-09-13T17:49:16 IST" duration-ms="16959">
      <class name="com.ninza.crm.campaigntest.CreateCampaignTest">
        <test-method is-config="true" signature="beforeSuite()[pri:0, instance:com.ninza.crm.campaigntest.CreateCampaignTest@6cf0e0ba]" started-at="2025-09-13T17:48:59 IST" name="beforeSuite" finished-at="2025-09-13T17:48:59 IST" duration-ms="11" status="PASS">
          <reporter-output>
          </reporter-output>
        </test-method> <!-- beforeSuite -->
        <test-method is-config="true" signature="BeforeTest()[pri:0, instance:com.ninza.crm.campaigntest.CreateCampaignTest@6cf0e0ba]" started-at="2025-09-13T17:48:59 IST" name="BeforeTest" finished-at="2025-09-13T17:48:59 IST" duration-ms="1" status="PASS">
          <reporter-output>
          </reporter-output>
        </test-method> <!-- BeforeTest -->
        <test-method is-config="true" signature="beforeClass()[pri:0, instance:com.ninza.crm.campaigntest.CreateCampaignTest@6cf0e0ba]" started-at="2025-09-13T17:48:59 IST" name="beforeClass" finished-at="2025-09-13T17:49:01 IST" duration-ms="1637" status="PASS">
          <reporter-output>
          </reporter-output>
        </test-method> <!-- beforeClass -->
        <test-method is-config="true" signature="beforeMethod()[pri:0, instance:com.ninza.crm.campaigntest.CreateCampaignTest@6cf0e0ba]" started-at="2025-09-13T17:49:01 IST" name="beforeMethod" finished-at="2025-09-13T17:49:03 IST" duration-ms="2599" status="PASS">
          <reporter-output>
          </reporter-output>
        </test-method> <!-- beforeMethod -->
        <test-method signature="createCamapignWithMandataoryFieldsTest()[pri:0, instance:com.ninza.crm.campaigntest.CreateCampaignTest@6cf0e0ba]" started-at="2025-09-13T17:49:03 IST" name="createCamapignWithMandataoryFieldsTest" finished-at="2025-09-13T17:49:05 IST" duration-ms="2105" status="PASS">
          <reporter-output>
          </reporter-output>
        </test-method> <!-- createCamapignWithMandataoryFieldsTest -->
        <test-method is-config="true" signature="afterMethod()[pri:0, instance:com.ninza.crm.campaigntest.CreateCampaignTest@6cf0e0ba]" started-at="2025-09-13T17:49:05 IST" name="afterMethod" finished-at="2025-09-13T17:49:08 IST" duration-ms="2512" status="PASS">
          <reporter-output>
          </reporter-output>
        </test-method> <!-- afterMethod -->
        <test-method is-config="true" signature="beforeMethod()[pri:0, instance:com.ninza.crm.campaigntest.CreateCampaignTest@6cf0e0ba]" started-at="2025-09-13T17:49:08 IST" name="beforeMethod" finished-at="2025-09-13T17:49:11 IST" duration-ms="3190" status="PASS">
          <reporter-output>
          </reporter-output>
        </test-method> <!-- beforeMethod -->
        <test-method signature="createCampaignWithExpectedCloseDateTest()[pri:0, instance:com.ninza.crm.campaigntest.CreateCampaignTest@6cf0e0ba]" started-at="2025-09-13T17:49:11 IST" name="createCampaignWithExpectedCloseDateTest" finished-at="2025-09-13T17:49:13 IST" duration-ms="1911" status="PASS">
          <reporter-output>
          </reporter-output>
        </test-method> <!-- createCampaignWithExpectedCloseDateTest -->
        <test-method is-config="true" signature="afterMethod()[pri:0, instance:com.ninza.crm.campaigntest.CreateCampaignTest@6cf0e0ba]" started-at="2025-09-13T17:49:13 IST" name="afterMethod" finished-at="2025-09-13T17:49:16 IST" duration-ms="2660" status="PASS">
          <reporter-output>
          </reporter-output>
        </test-method> <!-- afterMethod -->
        <test-method is-config="true" signature="afterClass()[pri:0, instance:com.ninza.crm.campaigntest.CreateCampaignTest@6cf0e0ba]" started-at="2025-09-13T17:49:16 IST" name="afterClass" finished-at="2025-09-13T17:49:16 IST" duration-ms="268" status="PASS">
          <reporter-output>
          </reporter-output>
        </test-method> <!-- afterClass -->
        <test-method is-config="true" signature="afterTest()[pri:0, instance:com.ninza.crm.campaigntest.CreateCampaignTest@6cf0e0ba]" started-at="2025-09-13T17:49:16 IST" name="afterTest" finished-at="2025-09-13T17:49:16 IST" duration-ms="5" status="PASS">
          <reporter-output>
          </reporter-output>
        </test-method> <!-- afterTest -->
        <test-method is-config="true" signature="afterSuite()[pri:0, instance:com.ninza.crm.campaigntest.CreateCampaignTest@6cf0e0ba]" started-at="2025-09-13T17:49:16 IST" name="afterSuite" finished-at="2025-09-13T17:49:16 IST" duration-ms="9" status="PASS">
          <reporter-output>
          </reporter-output>
        </test-method> <!-- afterSuite -->
      </class> <!-- com.ninza.crm.campaigntest.CreateCampaignTest -->
    </test> <!-- Default test -->
  </suite> <!-- Default suite -->
</testng-results>
